RUN	p2	p2	1651680154344	 	3.7.6
USER	p2	START	1651680155517
REQUEST		request_0	1651680155550	1651680156340	OK	 
USER	p2	START	1651680156510
REQUEST		request_0	1651680156510	1651680156973	OK	 
USER	p2	START	1651680157511
USER	p2	START	1651680158507
REQUEST		request_0	1651680158507	1651680159064	KO	status.find.in([200, 209], 304), found 500
REQUEST		request_0	1651680157511	1651680159072	OK	 
USER	p2	START	1651680159510
REQUEST		request_0	1651680159510	1651680159984	OK	 
USER	p2	START	1651680161501
REQUEST		request_0	1651680161501	1651680161939	OK	 
USER	p2	START	1651680162509
REQUEST		request_0	1651680162509	1651680162973	OK	 
USER	p2	START	1651680163506
REQUEST		request_0	1651680163506	1651680163967	OK	 
USER	p2	START	1651680164509
REQUEST		request_0	1651680164509	1651680165012	OK	 
USER	p2	START	1651680165511
REQUEST		request_0	1651680165512	1651680165985	OK	 
USER	p2	START	1651680167508
REQUEST		request_0	1651680167513	1651680167981	OK	 
USER	p2	START	1651680168503
REQUEST		request_0	1651680168505	1651680168992	OK	 
USER	p2	START	1651680169505
REQUEST		request_0	1651680169506	1651680170016	OK	 
USER	p2	START	1651680170502
REQUEST		request_0	1651680170503	1651680170954	OK	 
USER	p2	START	1651680171514
REQUEST		request_0	1651680171515	1651680172007	OK	 
USER	p2	START	1651680173510
REQUEST		request_0	1651680173510	1651680173971	OK	 
USER	p2	START	1651680174514
REQUEST		request_0	1651680174514	1651680175037	OK	 
USER	p2	START	1651680175506
REQUEST		request_0	1651680175507	1651680175948	OK	 
USER	p2	START	1651680176513
REQUEST		request_0	1651680176514	1651680176973	OK	 
USER	p2	START	1651680177503
REQUEST		request_0	1651680177503	1651680177955	OK	 
USER	p2	START	1651680179509
REQUEST		request_0	1651680179510	1651680180106	OK	 
REQUEST		request_1	1651680180388	1651680180454	OK	 
USER	p2	START	1651680180505
REQUEST		request_1	1651680180978	1651680181033	OK	 
REQUEST		request_0	1651680180505	1651680181167	KO	status.find.in([200, 209], 304), found 500
REQUEST		request_3	1651680180471	1651680181197	OK	 
REQUEST		request_2	1651680180469	1651680181202	OK	 
USER	p2	START	1651680181512
REQUEST		request_3	1651680181037	1651680181516	OK	 
REQUEST		request_2	1651680181034	1651680181519	OK	 
REQUEST		request_0	1651680181513	1651680181960	OK	 
USER	p2	START	1651680182507
REQUEST		request_0	1651680182507	1651680183015	OK	 
REQUEST		request_1	1651680183078	1651680183136	OK	 
REQUEST		request_1	1651680183078	1651680183138	OK	 
USER	p2	START	1651680183507
REQUEST		request_2	1651680183137	1651680183536	OK	 
REQUEST		request_3	1651680183140	1651680183537	OK	 
REQUEST		request_3	1651680183138	1651680183537	OK	 
REQUEST		request_2	1651680183139	1651680183542	OK	 
REQUEST		request_0	1651680183507	1651680183983	OK	 
REQUEST		request_1	1651680184001	1651680184049	OK	 
REQUEST		request_3	1651680184051	1651680184446	OK	 
REQUEST		request_2	1651680184050	1651680184447	OK	 
USER	p2	START	1651680185509
REQUEST		request_0	1651680185509	1651680185984	OK	 
REQUEST		request_1	1651680185942	1651680185990	OK	 
REQUEST		request_3	1651680185992	1651680186413	OK	 
REQUEST		request_2	1651680185991	1651680186414	OK	 
USER	p2	START	1651680186514
REQUEST		request_0	1651680186514	1651680186975	OK	 
REQUEST		request_1	1651680186990	1651680187043	OK	 
REQUEST		request_3	1651680187045	1651680187462	OK	 
REQUEST		request_2	1651680187045	1651680187475	OK	 
USER	p2	START	1651680187501
REQUEST		request_0	1651680187501	1651680187978	OK	 
REQUEST		request_1	1651680187979	1651680188032	OK	 
REQUEST		request_3	1651680188034	1651680188431	OK	 
REQUEST		request_2	1651680188033	1651680188438	OK	 
USER	p2	START	1651680188502
REQUEST		request_0	1651680188502	1651680188952	OK	 
REQUEST		request_1	1651680189027	1651680189079	OK	 
USER	p2	START	1651680189501
REQUEST		request_3	1651680189081	1651680189511	OK	 
REQUEST		request_2	1651680189080	1651680189515	OK	 
REQUEST		request_0	1651680189502	1651680189937	OK	 
REQUEST		request_1	1651680189993	1651680190045	OK	 
REQUEST		request_3	1651680190048	1651680190458	OK	 
REQUEST		request_2	1651680190046	1651680190462	OK	 
USER	p2	START	1651680191511
REQUEST		request_0	1651680191511	1651680191957	OK	 
REQUEST		request_1	1651680191988	1651680192038	OK	 
REQUEST		request_3	1651680192039	1651680192457	OK	 
REQUEST		request_4	1651680192217	1651680192457	KO	status.find.in([200, 209], 304), found 500
USER	p2	END	1651680192460
REQUEST		request_2	1651680192039	1651680192469	OK	 
USER	p2	START	1651680192509
REQUEST		request_0	1651680192509	1651680192917	KO	status.find.in([200, 209], 304), found 500
REQUEST		request_4	1651680192523	1651680192921	OK	 
USER	p2	END	1651680192922
REQUEST		request_1	1651680192998	1651680193055	OK	 
REQUEST		request_3	1651680193056	1651680193458	OK	 
REQUEST		request_2	1651680193056	1651680193464	OK	 
USER	p2	START	1651680193504
REQUEST		request_0	1651680193504	1651680193975	OK	 
REQUEST		request_1	1651680194026	1651680194077	OK	 
REQUEST		request_3	1651680194079	1651680194470	OK	 
REQUEST		request_2	1651680194078	1651680194471	OK	 
USER	p2	START	1651680194502
REQUEST		request_4	1651680194547	1651680194915	KO	status.find.in([200, 209], 304), found 500
USER	p2	END	1651680194917
REQUEST		request_0	1651680194502	1651680194917	KO	status.find.in([200, 209], 304), found 500
REQUEST		request_4	1651680194547	1651680194929	OK	 
USER	p2	END	1651680194930
REQUEST		request_1	1651680194963	1651680195010	OK	 
REQUEST		request_3	1651680195012	1651680195414	OK	 
REQUEST		request_2	1651680195012	1651680195423	OK	 
USER	p2	START	1651680195501
REQUEST		request_0	1651680195502	1651680195843	KO	status.find.in([200, 209], 304), found 500
REQUEST		request_4	1651680195454	1651680195849	OK	 
USER	p2	END	1651680195851
REQUEST		request_1	1651680196021	1651680196077	OK	 
REQUEST		request_3	1651680196080	1651680196527	OK	 
REQUEST		request_2	1651680196079	1651680196531	OK	 
USER	p2	START	1651680197501
REQUEST		request_0	1651680197502	1651680197835	KO	status.find.in([200, 209], 304), found 500
REQUEST		request_4	1651680197424	1651680197838	OK	 
USER	p2	END	1651680197839
REQUEST		request_1	1651680197976	1651680198031	OK	 
REQUEST		request_3	1651680198033	1651680198454	OK	 
REQUEST		request_2	1651680198033	1651680198465	OK	 
USER	p2	START	1651680198514
REQUEST		request_0	1651680198514	1651680198885	KO	status.find.in([200, 209], 304), found 500
REQUEST		request_4	1651680198483	1651680198898	OK	 
USER	p2	END	1651680198899
REQUEST		request_1	1651680199052	1651680199106	OK	 
USER	p2	START	1651680199512
REQUEST		request_3	1651680199109	1651680199518	OK	 
REQUEST		request_2	1651680199108	1651680199521	OK	 
REQUEST		request_4	1651680199451	1651680199719	OK	 
USER	p2	END	1651680199720
REQUEST		request_0	1651680199513	1651680199971	OK	 
REQUEST		request_1	1651680199957	1651680200023	OK	 
REQUEST		request_3	1651680200024	1651680200468	OK	 
REQUEST		request_2	1651680200024	1651680200482	OK	 
USER	p2	START	1651680200513
REQUEST		request_0	1651680200513	1651680200928	KO	status.find.in([200, 209], 304), found 500
REQUEST		request_4	1651680200528	1651680200941	OK	 
USER	p2	END	1651680200942
REQUEST		request_1	1651680200986	1651680201115	OK	 
USER	p2	START	1651680201508
REQUEST		request_3	1651680201116	1651680201624	OK	 
REQUEST		request_2	1651680201116	1651680201625	OK	 
REQUEST		request_4	1651680201478	1651680201791	OK	 
USER	p2	END	1651680201792
REQUEST		request_1	1651680201968	1651680202019	OK	 
REQUEST		request_2	1651680202020	1651680202267	OK	 
REQUEST		request_0	1651680201508	1651680202274	OK	 
REQUEST		request_3	1651680202021	1651680202592	OK	 
USER	p2	START	1651680203503
REQUEST		request_0	1651680203503	1651680203864	KO	status.find.in([200, 209], 304), found 500
REQUEST		request_4	1651680203472	1651680203870	OK	 
USER	p2	END	1651680203871
REQUEST		request_1	1651680204115	1651680204168	OK	 
USER	p2	START	1651680204501
REQUEST		request_3	1651680204170	1651680204596	OK	 
REQUEST		request_2	1651680204169	1651680204608	OK	 
REQUEST		request_4	1651680204470	1651680204899	OK	 
USER	p2	END	1651680204899
REQUEST		request_0	1651680204501	1651680204998	OK	 
REQUEST		request_1	1651680205173	1651680205229	OK	 
USER	p2	START	1651680205510
REQUEST		request_3	1651680205231	1651680205641	OK	 
REQUEST		request_4	1651680205479	1651680205641	KO	status.find.in([200, 209], 304), found 500
USER	p2	END	1651680205643
REQUEST		request_2	1651680205230	1651680205644	OK	 
REQUEST		request_0	1651680205510	1651680205946	OK	 
REQUEST		request_1	1651680205969	1651680206025	OK	 
REQUEST		request_3	1651680206026	1651680206460	OK	 
REQUEST		request_2	1651680206026	1651680206464	OK	 
USER	p2	START	1651680206511
REQUEST		request_4	1651680206433	1651680206740	OK	 
USER	p2	END	1651680206741
REQUEST		request_0	1651680206511	1651680206970	OK	 
REQUEST		request_1	1651680207020	1651680207076	OK	 
REQUEST		request_3	1651680207078	1651680207501	OK	 
REQUEST		request_2	1651680207077	1651680207505	OK	 
USER	p2	START	1651680207510
REQUEST		request_0	1651680207510	1651680207944	KO	status.find.in([200, 209], 304), found 500
REQUEST		request_4	1651680207541	1651680207958	OK	 
USER	p2	END	1651680207959
REQUEST		request_1	1651680207989	1651680208048	OK	 
REQUEST		request_3	1651680208049	1651680208499	OK	 
REQUEST		request_2	1651680208049	1651680208507	OK	 
USER	p2	START	1651680209512
REQUEST		request_0	1651680209512	1651680209901	KO	status.find.in([200, 209], 304), found 500
REQUEST		request_4	1651680209481	1651680209905	OK	 
USER	p2	END	1651680209906
REQUEST		request_1	1651680209988	1651680210042	OK	 
USER	p2	START	1651680210513
REQUEST		request_3	1651680210043	1651680210558	OK	 
REQUEST		request_2	1651680210042	1651680210567	OK	 
REQUEST		request_4	1651680210528	1651680210957	OK	 
REQUEST		request_0	1651680210514	1651680210957	KO	status.find.in([200, 209], 304), found 500
USER	p2	END	1651680210959
REQUEST		request_1	1651680210988	1651680211043	OK	 
REQUEST		request_3	1651680211045	1651680211469	OK	 
REQUEST		request_2	1651680211043	1651680211478	OK	 
USER	p2	START	1651680211508
REQUEST		request_0	1651680211509	1651680211901	KO	status.find.in([200, 209], 304), found 500
REQUEST		request_4	1651680211491	1651680211908	OK	 
USER	p2	END	1651680211909
REQUEST		request_1	1651680211985	1651680212039	OK	 
REQUEST		request_3	1651680212041	1651680212461	OK	 
REQUEST		request_2	1651680212040	1651680212462	OK	 
USER	p2	START	1651680212505
REQUEST		request_4	1651680212630	1651680213018	OK	 
REQUEST		request_0	1651680212506	1651680213018	KO	status.find.in([200, 209], 304), found 500
USER	p2	END	1651680213019
REQUEST		request_1	1651680212966	1651680213022	OK	 
REQUEST		request_3	1651680213023	1651680213433	OK	 
REQUEST		request_2	1651680213023	1651680213434	OK	 
USER	p2	START	1651680213505
REQUEST		request_4	1651680213596	1651680213957	OK	 
USER	p2	END	1651680213958
REQUEST		request_0	1651680213506	1651680213975	KO	status.find.in([200, 209], 304), found 500
REQUEST		request_1	1651680213950	1651680214001	OK	 
REQUEST		request_3	1651680214003	1651680214377	OK	 
REQUEST		request_2	1651680214002	1651680214378	OK	 
REQUEST		request_4	1651680215610	1651680215896	OK	 
USER	p2	END	1651680215898
REQUEST		request_1	1651680215965	1651680216028	OK	 
REQUEST		request_3	1651680216029	1651680216495	OK	 
REQUEST		request_2	1651680216028	1651680216496	OK	 
REQUEST		request_4	1651680216653	1651680216967	OK	 
USER	p2	END	1651680216968
REQUEST		request_1	1651680216931	1651680216997	OK	 
REQUEST		request_3	1651680216998	1651680217364	OK	 
REQUEST		request_2	1651680216998	1651680217375	OK	 
REQUEST		request_4	1651680217469	1651680217762	OK	 
USER	p2	END	1651680217763
REQUEST		request_1	1651680217990	1651680218071	OK	 
REQUEST		request_3	1651680218073	1651680218492	OK	 
REQUEST		request_2	1651680218072	1651680218502	OK	 
REQUEST		request_4	1651680218511	1651680218810	OK	 
USER	p2	END	1651680218812
REQUEST		request_1	1651680218926	1651680218983	OK	 
REQUEST		request_3	1651680218984	1651680219378	OK	 
REQUEST		request_2	1651680218984	1651680219384	OK	 
REQUEST		request_4	1651680219523	1651680219833	OK	 
USER	p2	END	1651680219834
REQUEST		request_1	1651680219844	1651680219890	OK	 
REQUEST		request_3	1651680219892	1651680220287	OK	 
REQUEST		request_2	1651680219891	1651680220288	OK	 
REQUEST		request_4	1651680221583	1651680221860	OK	 
USER	p2	END	1651680221861
REQUEST		request_1	1651680221845	1651680221895	OK	 
REQUEST		request_3	1651680221896	1651680222277	OK	 
REQUEST		request_2	1651680221896	1651680222290	OK	 
REQUEST		request_4	1651680222492	1651680222806	OK	 
USER	p2	END	1651680222807
REQUEST		request_1	1651680222894	1651680222944	OK	 
REQUEST		request_3	1651680222945	1651680223324	OK	 
REQUEST		request_2	1651680222945	1651680223325	OK	 
REQUEST		request_4	1651680223475	1651680223772	OK	 
USER	p2	END	1651680223773
REQUEST		request_1	1651680223981	1651680224033	OK	 
REQUEST		request_3	1651680224034	1651680224450	OK	 
REQUEST		request_2	1651680224033	1651680224452	OK	 
REQUEST		request_4	1651680224442	1651680224750	OK	 
USER	p2	END	1651680224751
REQUEST		request_1	1651680224935	1651680224985	OK	 
REQUEST		request_3	1651680224986	1651680225375	OK	 
REQUEST		request_2	1651680224986	1651680225376	OK	 
REQUEST		request_4	1651680225380	1651680225672	OK	 
USER	p2	END	1651680225673
REQUEST		request_1	1651680226283	1651680226340	OK	 
REQUEST		request_3	1651680226341	1651680226735	OK	 
REQUEST		request_2	1651680226341	1651680226737	OK	 
REQUEST		request_4	1651680227511	1651680227793	OK	 
USER	p2	END	1651680227793
REQUEST		request_1	1651680227878	1651680227927	OK	 
REQUEST		request_2	1651680227928	1651680228312	OK	 
REQUEST		request_3	1651680227928	1651680228313	OK	 
REQUEST		request_4	1651680228389	1651680228687	OK	 
USER	p2	END	1651680228688
REQUEST		request_1	1651680229002	1651680229053	OK	 
REQUEST		request_3	1651680229054	1651680229497	OK	 
REQUEST		request_2	1651680229054	1651680229503	OK	 
REQUEST		request_4	1651680229510	1651680229799	OK	 
USER	p2	END	1651680229800
REQUEST		request_1	1651680229955	1651680230012	OK	 
REQUEST		request_3	1651680230013	1651680230427	OK	 
REQUEST		request_2	1651680230013	1651680230429	OK	 
REQUEST		request_4	1651680230392	1651680230702	OK	 
USER	p2	END	1651680230703
REQUEST		request_1	1651680230975	1651680231027	OK	 
REQUEST		request_3	1651680231028	1651680231468	OK	 
REQUEST		request_2	1651680231028	1651680231470	OK	 
REQUEST		request_4	1651680231293	1651680231620	OK	 
USER	p2	END	1651680231621
REQUEST		request_1	1651680231952	1651680232010	OK	 
REQUEST		request_3	1651680232011	1651680232440	OK	 
REQUEST		request_2	1651680232011	1651680232443	OK	 
REQUEST		request_4	1651680233304	1651680233619	OK	 
USER	p2	END	1651680233620
REQUEST		request_1	1651680233905	1651680233952	OK	 
REQUEST		request_3	1651680233953	1651680234368	OK	 
REQUEST		request_2	1651680233952	1651680234376	OK	 
REQUEST		request_4	1651680234337	1651680234623	OK	 
USER	p2	END	1651680234624
REQUEST		request_1	1651680234966	1651680235020	OK	 
REQUEST		request_3	1651680235021	1651680235397	OK	 
REQUEST		request_2	1651680235020	1651680235398	OK	 
REQUEST		request_4	1651680235457	1651680235738	OK	 
USER	p2	END	1651680235739
REQUEST		request_1	1651680235916	1651680235971	OK	 
REQUEST		request_3	1651680235972	1651680236361	OK	 
REQUEST		request_2	1651680235971	1651680236367	OK	 
REQUEST		request_4	1651680236392	1651680236672	OK	 
USER	p2	END	1651680236673
REQUEST		request_1	1651680237019	1651680237076	OK	 
REQUEST		request_3	1651680237077	1651680237455	OK	 
REQUEST		request_2	1651680237077	1651680237455	OK	 
REQUEST		request_4	1651680237743	1651680238041	OK	 
USER	p2	END	1651680238042
REQUEST		request_1	1651680237991	1651680238050	OK	 
REQUEST		request_3	1651680238051	1651680238441	OK	 
REQUEST		request_2	1651680238050	1651680238446	OK	 
REQUEST		request_4	1651680239322	1651680239607	OK	 
USER	p2	END	1651680239608
REQUEST		request_4	1651680240514	1651680240802	OK	 
USER	p2	END	1651680240803
REQUEST		request_4	1651680241432	1651680241728	OK	 
USER	p2	END	1651680241729
REQUEST		request_4	1651680242474	1651680242772	OK	 
USER	p2	END	1651680242773
REQUEST		request_4	1651680243454	1651680243743	OK	 
USER	p2	END	1651680243744
REQUEST		request_4	1651680245384	1651680245670	OK	 
USER	p2	END	1651680245671
REQUEST		request_4	1651680246411	1651680246742	OK	 
USER	p2	END	1651680246743
REQUEST		request_4	1651680247375	1651680247687	OK	 
USER	p2	END	1651680247688
REQUEST		request_4	1651680248462	1651680248778	OK	 
USER	p2	END	1651680248779
REQUEST		request_4	1651680249462	1651680249752	OK	 
USER	p2	END	1651680249753
