RUN	p1	p1	1651247619720	 	3.7.6
USER	p1	START	1651247621129
USER	p1	START	1651247621141
REQUEST		request_0	1651247621158	1651247621370	OK	 
REQUEST		request_0	1651247621158	1651247621370	OK	 
USER	p1	START	1651247622046
REQUEST		request_0	1651247622046	1651247622054	OK	 
REQUEST		request_1	1651247622387	1651247623157	OK	 
REQUEST		request_1	1651247622388	1651247623157	KO	status.find.in([200, 209], 304), found 500
USER	p1	START	1651247623254
REQUEST		request_0	1651247623255	1651247623261	OK	 
REQUEST		request_1	1651247623069	1651247623504	OK	 
USER	p1	START	1651247624094
REQUEST		request_0	1651247624094	1651247624103	OK	 
USER	p1	START	1651247624497
REQUEST		request_0	1651247624498	1651247624509	OK	 
REQUEST		request_1	1651247624266	1651247624696	OK	 
USER	p1	START	1651247624759
REQUEST		request_0	1651247624759	1651247624771	OK	 
USER	p1	START	1651247625396
REQUEST		request_0	1651247625397	1651247625408	OK	 
USER	p1	START	1651247625535
REQUEST		request_0	1651247625535	1651247625539	OK	 
REQUEST		request_1	1651247625519	1651247625706	KO	status.find.in([200, 209], 304), found 500
REQUEST		request_1	1651247625117	1651247625708	OK	 
USER	p1	START	1651247626154
REQUEST		request_0	1651247626154	1651247626159	OK	 
REQUEST		request_1	1651247625782	1651247626199	OK	 
USER	p1	START	1651247626495
REQUEST		request_0	1651247626496	1651247626500	OK	 
USER	p1	START	1651247626912
REQUEST		request_0	1651247626913	1651247626916	OK	 
USER	p1	START	1651247626927
REQUEST		request_0	1651247626928	1651247626931	OK	 
REQUEST		request_1	1651247626542	1651247626966	KO	status.find.in([200, 209], 304), found 500
REQUEST		request_1	1651247626419	1651247626974	OK	 
USER	p1	START	1651247627098
REQUEST		request_0	1651247627098	1651247627101	OK	 
USER	p1	START	1651247627654
REQUEST		request_0	1651247627655	1651247627659	OK	 
REQUEST		request_1	1651247627515	1651247627719	KO	status.find.in([200, 209], 304), found 500
REQUEST		request_1	1651247627174	1651247627732	OK	 
USER	p1	START	1651247627992
REQUEST		request_0	1651247627993	1651247627997	OK	 
REQUEST		request_1	1651247628114	1651247628478	KO	status.find.in([200, 209], 304), found 500
REQUEST		request_1	1651247627946	1651247628478	KO	status.find.in([200, 209], 304), found 500
REQUEST		request_1	1651247627930	1651247628483	OK	 
USER	p1	START	1651247628607
REQUEST		request_0	1651247628607	1651247628611	OK	 
USER	p1	START	1651247628884
REQUEST		request_0	1651247628885	1651247628889	OK	 
USER	p1	START	1651247628929
REQUEST		request_0	1651247628930	1651247628932	OK	 
USER	p1	START	1651247628961
REQUEST		request_0	1651247628961	1651247628964	OK	 
USER	p1	START	1651247629009
REQUEST		request_0	1651247629009	1651247629011	OK	 
REQUEST		request_1	1651247629009	1651247629319	KO	status.find.in([200, 209], 304), found 500
REQUEST		request_1	1651247628669	1651247629336	OK	 
USER	p1	START	1651247629396
REQUEST		request_0	1651247629396	1651247629402	OK	 
REQUEST		request_1	1651247629970	1651247630179	KO	status.find.in([200, 209], 304), found 500
REQUEST		request_1	1651247629893	1651247630179	KO	status.find.in([200, 209], 304), found 500
REQUEST		request_1	1651247629939	1651247630179	KO	status.find.in([200, 209], 304), found 500
REQUEST		request_1	1651247630016	1651247630179	KO	status.find.in([200, 209], 304), found 500
REQUEST		request_1	1651247629616	1651247630187	OK	 
REQUEST		request_1	1651247630419	1651247630828	OK	 
USER	p1	START	1651247631762
USER	p1	START	1651247631762
REQUEST		request_0	1651247631762	1651247631767	OK	 
REQUEST		request_0	1651247631762	1651247631768	OK	 
USER	p1	START	1651247632525
REQUEST		request_0	1651247632525	1651247632529	OK	 
USER	p1	START	1651247632956
REQUEST		request_0	1651247632957	1651247632961	OK	 
USER	p1	START	1651247633127
REQUEST		request_0	1651247633127	1651247633130	OK	 
USER	p1	START	1651247633298
REQUEST		request_0	1651247633298	1651247633302	OK	 
REQUEST		request_1	1651247632771	1651247633362	KO	status.find.in([200, 209], 304), found 500
REQUEST		request_1	1651247632771	1651247633375	OK	 
USER	p1	START	1651247634070
REQUEST		request_0	1651247634070	1651247634073	OK	 
USER	p1	START	1651247634116
REQUEST		request_0	1651247634116	1651247634118	OK	 
REQUEST		request_1	1651247633963	1651247634154	KO	status.find.in([200, 209], 304), found 500
REQUEST		request_1	1651247633543	1651247634162	OK	 
REQUEST		request_1	1651247634132	1651247634571	OK	 
REQUEST		request_1	1651247634316	1651247634732	OK	 
USER	p1	START	1651247634746
REQUEST		request_0	1651247634746	1651247634750	OK	 
REQUEST		request_1	1651247635131	1651247635629	KO	status.find.in([200, 209], 304), found 500
REQUEST		request_1	1651247635085	1651247635630	OK	 
REQUEST		request_1	1651247635764	1651247636173	OK	 
USER	p1	START	1651247636747
REQUEST		request_0	1651247636747	1651247636750	OK	 
USER	p1	START	1651247636778
REQUEST		request_0	1651247636778	1651247636784	OK	 
USER	p1	START	1651247636901
REQUEST		request_0	1651247636901	1651247636905	OK	 
USER	p1	START	1651247637783
REQUEST		request_0	1651247637783	1651247637786	OK	 
USER	p1	START	1651247637967
REQUEST		request_0	1651247637968	1651247637972	OK	 
USER	p1	START	1651247638231
REQUEST		request_0	1651247638231	1651247638233	OK	 
REQUEST		request_1	1651247637798	1651247638373	KO	status.find.in([200, 209], 304), found 500
REQUEST		request_1	1651247637922	1651247638373	KO	status.find.in([200, 209], 304), found 500
REQUEST		request_1	1651247637752	1651247638387	OK	 
USER	p1	START	1651247638494
REQUEST		request_0	1651247638494	1651247638497	OK	 
USER	p1	START	1651247638663
REQUEST		request_0	1651247638663	1651247638667	OK	 
USER	p1	START	1651247639302
REQUEST		request_0	1651247639302	1651247639306	OK	 
USER	p1	START	1651247639317
REQUEST		request_0	1651247639318	1651247639320	OK	 
REQUEST		request_1	1651247638974	1651247639383	KO	status.find.in([200, 209], 304), found 500
REQUEST		request_1	1651247638789	1651247639384	OK	 
REQUEST		request_1	1651247639239	1651247639662	OK	 
REQUEST		request_1	1651247639503	1651247639918	OK	 
REQUEST		request_1	1651247639674	1651247640078	OK	 
USER	p1	START	1651247640232
REQUEST		request_0	1651247640232	1651247640236	OK	 
USER	p1	START	1651247640447
REQUEST		request_0	1651247640447	1651247640451	OK	 
USER	p1	START	1651247640727
REQUEST		request_0	1651247640727	1651247640731	OK	 
REQUEST		request_1	1651247640324	1651247640867	KO	status.find.in([200, 209], 304), found 500
REQUEST		request_1	1651247640309	1651247640884	OK	 
USER	p1	START	1651247641147
REQUEST		request_0	1651247641148	1651247641151	OK	 
USER	p1	START	1651247641377
REQUEST		request_0	1651247641377	1651247641380	OK	 
REQUEST		request_1	1651247641454	1651247641803	KO	status.find.in([200, 209], 304), found 500
REQUEST		request_1	1651247641238	1651247641810	OK	 
REQUEST		request_1	1651247641747	1651247642170	OK	 
USER	p1	START	1651247642428
REQUEST		request_0	1651247642429	1651247642432	OK	 
REQUEST		request_1	1651247642165	1651247642585	OK	 
USER	p1	START	1651247642787
REQUEST		request_0	1651247642788	1651247642790	OK	 
REQUEST		request_1	1651247642383	1651247642803	OK	 
USER	p1	START	1651247643003
REQUEST		request_0	1651247643004	1651247643007	OK	 
REQUEST		request_1	1651247643792	1651247643981	KO	status.find.in([200, 209], 304), found 500
REQUEST		request_1	1651247643437	1651247643995	OK	 
REQUEST		request_1	1651247644009	1651247644446	OK	 
USER	p1	START	1651247644492
REQUEST		request_0	1651247644492	1651247644496	OK	 
USER	p1	START	1651247645054
REQUEST		request_0	1651247645055	1651247645058	OK	 
USER	p1	START	1651247645069
REQUEST		request_0	1651247645070	1651247645072	OK	 
USER	p1	START	1651247645457
REQUEST		request_0	1651247645458	1651247645460	OK	 
USER	p1	START	1651247645765
REQUEST		request_0	1651247645765	1651247645768	OK	 
REQUEST		request_1	1651247645504	1651247645903	OK	 
USER	p1	START	1651247646043
REQUEST		request_0	1651247646043	1651247646047	OK	 
USER	p1	START	1651247646305
REQUEST		request_0	1651247646306	1651247646309	OK	 
USER	p1	START	1651247646351
REQUEST		request_0	1651247646351	1651247646354	OK	 
REQUEST		request_1	1651247646074	1651247646639	KO	status.find.in([200, 209], 304), found 500
REQUEST		request_1	1651247646476	1651247646639	KO	status.find.in([200, 209], 304), found 500
REQUEST		request_1	1651247646074	1651247646641	OK	 
USER	p1	START	1651247646908
REQUEST		request_0	1651247646909	1651247646911	OK	 
USER	p1	START	1651247647156
REQUEST		request_0	1651247647156	1651247647161	OK	 
USER	p1	START	1651247647262
REQUEST		request_0	1651247647262	1651247647265	OK	 
REQUEST		request_1	1651247647062	1651247647390	KO	status.find.in([200, 209], 304), found 500
REQUEST		request_1	1651247646783	1651247647391	OK	 
USER	p1	START	1651247647771
REQUEST		request_0	1651247647771	1651247647775	OK	 
REQUEST		request_1	1651247647357	1651247647876	KO	status.find.in([200, 209], 304), found 500
REQUEST		request_1	1651247647324	1651247647881	OK	 
USER	p1	START	1651247648436
REQUEST		request_0	1651247648436	1651247648439	OK	 
REQUEST		request_1	1651247648172	1651247648508	KO	status.find.in([200, 209], 304), found 500
REQUEST		request_1	1651247648280	1651247648508	KO	status.find.in([200, 209], 304), found 500
REQUEST		request_1	1651247647926	1651247648509	OK	 
USER	p1	START	1651247648764
REQUEST		request_0	1651247648764	1651247648766	OK	 
REQUEST		request_1	1651247648779	1651247649198	OK	 
USER	p1	START	1651247649753
REQUEST		request_0	1651247649753	1651247649757	OK	 
USER	p1	START	1651247649783
REQUEST		request_0	1651247649783	1651247649785	OK	 
USER	p1	START	1651247649845
REQUEST		request_0	1651247649846	1651247649848	OK	 
REQUEST		request_1	1651247649768	1651247650052	KO	status.find.in([200, 209], 304), found 500
REQUEST		request_1	1651247649446	1651247650063	OK	 
USER	p1	START	1651247650820
REQUEST		request_0	1651247650821	1651247650823	OK	 
USER	p1	START	1651247650927
REQUEST		request_0	1651247650928	1651247650930	OK	 
REQUEST		request_1	1651247650788	1651247651347	KO	status.find.in([200, 209], 304), found 500
REQUEST		request_1	1651247650850	1651247651347	KO	status.find.in([200, 209], 304), found 500
REQUEST		request_1	1651247650774	1651247651348	OK	 
REQUEST		request_1	1651247651932	1651247652411	KO	status.find.in([200, 209], 304), found 500
REQUEST		request_1	1651247651824	1651247652414	OK	 
USER	p1	START	1651247652739
REQUEST		request_0	1651247652739	1651247652743	OK	 
USER	p1	START	1651247653023
REQUEST		request_0	1651247653023	1651247653026	OK	 
USER	p1	START	1651247653332
REQUEST		request_0	1651247653332	1651247653336	OK	 
USER	p1	START	1651247653892
REQUEST		request_0	1651247653892	1651247653895	OK	 
REQUEST		request_1	1651247654032	1651247654297	KO	status.find.in([200, 209], 304), found 500
REQUEST		request_1	1651247653751	1651247654311	OK	 
REQUEST		request_1	1651247654341	1651247654760	OK	 
USER	p1	START	1651247655296
REQUEST		request_0	1651247655296	1651247655300	OK	 
REQUEST		request_1	1651247654898	1651247655322	OK	 
REQUEST		request_1	1651247656302	1651247656710	OK	 
USER	p1	START	1651247656924
REQUEST		request_0	1651247656925	1651247656928	OK	 
USER	p1	START	1651247657448
REQUEST		request_0	1651247657449	1651247657451	OK	 
USER	p1	START	1651247658069
REQUEST		request_0	1651247658069	1651247658071	OK	 
USER	p1	START	1651247658270
REQUEST		request_0	1651247658271	1651247658273	OK	 
REQUEST		request_1	1651247657930	1651247658365	OK	 
USER	p1	START	1651247658488
REQUEST		request_0	1651247658489	1651247658491	OK	 
REQUEST		request_1	1651247658457	1651247658871	OK	 
USER	p1	START	1651247659262
REQUEST		request_0	1651247659262	1651247659265	OK	 
REQUEST		request_1	1651247659278	1651247659628	KO	status.find.in([200, 209], 304), found 500
REQUEST		request_1	1651247659080	1651247659632	OK	 
USER	p1	START	1651247659771
REQUEST		request_0	1651247659771	1651247659774	OK	 
REQUEST		request_1	1651247659494	1651247659891	OK	 
USER	p1	START	1651247660446
REQUEST		request_0	1651247660446	1651247660449	OK	 
REQUEST		request_1	1651247660279	1651247660680	OK	 
USER	p1	START	1651247660881
REQUEST		request_0	1651247660882	1651247660885	OK	 
USER	p1	START	1651247661021
REQUEST		request_0	1651247661021	1651247661024	OK	 
REQUEST		request_1	1651247660789	1651247661187	OK	 
REQUEST		request_1	1651247661457	1651247661862	OK	 
USER	p1	START	1651247662108
REQUEST		request_0	1651247662108	1651247662111	OK	 
USER	p1	START	1651247662431
REQUEST		request_0	1651247662431	1651247662434	OK	 
REQUEST		request_1	1651247662032	1651247662449	KO	status.find.in([200, 209], 304), found 500
REQUEST		request_1	1651247661893	1651247662464	OK	 
USER	p1	START	1651247663316
REQUEST		request_0	1651247663317	1651247663320	OK	 
USER	p1	START	1651247663502
REQUEST		request_0	1651247663502	1651247663504	OK	 
REQUEST		request_1	1651247663441	1651247663671	KO	status.find.in([200, 209], 304), found 500
REQUEST		request_1	1651247663116	1651247663672	OK	 
USER	p1	START	1651247664060
REQUEST		request_0	1651247664060	1651247664064	OK	 
REQUEST		request_1	1651247664509	1651247664882	KO	status.find.in([200, 209], 304), found 500
REQUEST		request_1	1651247664324	1651247664897	OK	 
USER	p1	START	1651247665283
REQUEST		request_0	1651247665284	1651247665287	OK	 
REQUEST		request_1	1651247665066	1651247665468	OK	 
USER	p1	START	1651247665701
REQUEST		request_0	1651247665702	1651247665708	OK	 
USER	p1	START	1651247665716
REQUEST		request_0	1651247665716	1651247665720	OK	 
USER	p1	START	1651247665888
REQUEST		request_0	1651247665888	1651247665891	OK	 
USER	p1	START	1651247666149
REQUEST		request_0	1651247666149	1651247666152	OK	 
USER	p1	START	1651247666397
REQUEST		request_0	1651247666397	1651247666400	OK	 
REQUEST		request_1	1651247666288	1651247666688	OK	 
USER	p1	START	1651247667232
REQUEST		request_0	1651247667232	1651247667235	OK	 
REQUEST		request_1	1651247666723	1651247667287	KO	status.find.in([200, 209], 304), found 500
REQUEST		request_1	1651247666908	1651247667287	KO	status.find.in([200, 209], 304), found 500
REQUEST		request_1	1651247666723	1651247667295	OK	 
REQUEST		request_1	1651247667156	1651247667572	OK	 
USER	p1	START	1651247667632
REQUEST		request_0	1651247667632	1651247667634	OK	 
REQUEST		request_1	1651247667403	1651247667796	OK	 
USER	p1	START	1651247668097
REQUEST		request_0	1651247668098	1651247668103	OK	 
USER	p1	START	1651247668716
REQUEST		request_0	1651247668716	1651247668719	OK	 
USER	p1	START	1651247668792
REQUEST		request_0	1651247668792	1651247668794	OK	 
REQUEST		request_1	1651247668638	1651247668820	KO	status.find.in([200, 209], 304), found 500
REQUEST		request_1	1651247668238	1651247668821	OK	 
USER	p1	START	1651247669039
REQUEST		request_0	1651247669039	1651247669042	OK	 
USER	p1	START	1651247669239
REQUEST		request_0	1651247669239	1651247669242	OK	 
USER	p1	START	1651247669333
REQUEST		request_0	1651247669333	1651247669336	OK	 
REQUEST		request_1	1651247669117	1651247669520	OK	 
USER	p1	START	1651247669737
REQUEST		request_0	1651247669737	1651247669739	OK	 
USER	p1	START	1651247669815
REQUEST		request_0	1651247669816	1651247669819	OK	 
REQUEST		request_1	1651247669799	1651247670281	KO	status.find.in([200, 209], 304), found 500
REQUEST		request_1	1651247670047	1651247670281	KO	status.find.in([200, 209], 304), found 500
REQUEST		request_1	1651247669736	1651247670295	OK	 
REQUEST		request_1	1651247670248	1651247670650	OK	 
REQUEST		request_1	1651247670341	1651247670750	OK	 
REQUEST		request_1	1651247670820	1651247671279	KO	status.find.in([200, 209], 304), found 500
REQUEST		request_1	1651247670744	1651247671280	OK	 
USER	p1	START	1651247671575
REQUEST		request_0	1651247671575	1651247671579	OK	 
REQUEST		request_2	1651247671179	1651247671746	KO	status.find.in([200, 209], 304), found 500
REQUEST		request_2	1651247671179	1651247671749	OK	 
USER	p1	START	1651247671822
REQUEST		request_0	1651247671822	1651247671824	OK	 
REQUEST		request_2	1651247671514	1651247671920	OK	 
USER	p1	START	1651247672643
REQUEST		request_0	1651247672643	1651247672647	OK	 
USER	p1	START	1651247672877
REQUEST		request_0	1651247672877	1651247672881	OK	 
USER	p1	START	1651247673032
REQUEST		request_0	1651247673032	1651247673034	OK	 
REQUEST		request_2	1651247672704	1651247673122	KO	status.find.in([200, 209], 304), found 500
REQUEST		request_1	1651247672830	1651247673122	KO	status.find.in([200, 209], 304), found 500
REQUEST		request_1	1651247672581	1651247673123	OK	 
USER	p1	START	1651247674191
REQUEST		request_0	1651247674192	1651247674199	OK	 
REQUEST		request_2	1651247673712	1651247674218	KO	status.find.in([200, 209], 304), found 500
REQUEST		request_2	1651247673712	1651247674218	KO	status.find.in([200, 209], 304), found 500
REQUEST		request_1	1651247673896	1651247674219	KO	status.find.in([200, 209], 304), found 500
REQUEST		request_1	1651247674037	1651247674219	KO	status.find.in([200, 209], 304), found 500
USER	p1	START	1651247674222
REQUEST		request_1	1651247673651	1651247674223	OK	 
REQUEST		request_0	1651247674223	1651247674225	OK	 
USER	p1	START	1651247674424
REQUEST		request_0	1651247674424	1651247674427	OK	 
REQUEST		request_2	1651247674207	1651247674621	OK	 
USER	p1	START	1651247674658
REQUEST		request_0	1651247674658	1651247674662	OK	 
USER	p1	START	1651247674951
REQUEST		request_0	1651247674952	1651247674955	OK	 
REQUEST		request_2	1651247674982	1651247675514	KO	status.find.in([200, 209], 304), found 500
REQUEST		request_1	1651247675215	1651247675514	KO	status.find.in([200, 209], 304), found 500
REQUEST		request_1	1651247675231	1651247675515	KO	status.find.in([200, 209], 304), found 500
REQUEST		request_2	1651247674967	1651247675516	OK	 
REQUEST		request_1	1651247675434	1651247675860	OK	 
REQUEST		request_2	1651247675728	1651247676236	KO	status.find.in([200, 209], 304), found 500
REQUEST		request_2	1651247675743	1651247676236	KO	status.find.in([200, 209], 304), found 500
REQUEST		request_1	1651247675667	1651247676238	OK	 
REQUEST		request_1	1651247675960	1651247676356	OK	 
REQUEST		request_2	1651247676485	1651247677038	KO	status.find.in([200, 209], 304), found 500
REQUEST		request_2	1651247676485	1651247677038	KO	status.find.in([200, 209], 304), found 500
REQUEST		request_2	1651247676485	1651247677039	OK	 
REQUEST		request_2	1651247677340	1651247677881	KO	status.find.in([200, 209], 304), found 500
REQUEST		request_2	1651247677325	1651247677896	OK	 
USER	p1	START	1651247678004
REQUEST		request_0	1651247678005	1651247678007	OK	 
USER	p1	START	1651247678082
REQUEST		request_0	1651247678082	1651247678085	OK	 
USER	p1	START	1651247678437
REQUEST		request_0	1651247678437	1651247678441	OK	 
REQUEST		request_2	1651247678191	1651247678749	KO	status.find.in([200, 209], 304), found 500
REQUEST		request_2	1651247678191	1651247678750	KO	status.find.in([200, 209], 304), found 500
REQUEST		request_2	1651247678191	1651247678750	KO	status.find.in([200, 209], 304), found 500
REQUEST		request_2	1651247678191	1651247678750	KO	status.find.in([200, 209], 304), found 500
REQUEST		request_2	1651247678191	1651247678761	OK	 
USER	p1	START	1651247679114
REQUEST		request_0	1651247679114	1651247679116	OK	 
REQUEST		request_1	1651247679022	1651247679425	KO	status.find.in([200, 209], 304), found 500
REQUEST		request_1	1651247679098	1651247679425	KO	status.find.in([200, 209], 304), found 500
REQUEST		request_2	1651247678837	1651247679438	OK	 
REQUEST		request_1	1651247679453	1651247679860	OK	 
USER	p1	START	1651247680238
REQUEST		request_0	1651247680239	1651247680241	OK	 
USER	p1	START	1651247680440
REQUEST		request_0	1651247680441	1651247680444	OK	 
REQUEST		request_1	1651247680131	1651247680548	OK	 
REQUEST		request_2	1651247681370	1651247681800	KO	status.find.in([200, 209], 304), found 500
REQUEST		request_2	1651247681386	1651247681800	KO	status.find.in([200, 209], 304), found 500
REQUEST		request_1	1651247681447	1651247681800	KO	status.find.in([200, 209], 304), found 500
REQUEST		request_1	1651247681245	1651247681803	OK	 
REQUEST		request_2	1651247682178	1651247682770	KO	status.find.in([200, 209], 304), found 500
REQUEST		request_2	1651247682579	1651247682770	KO	status.find.in([200, 209], 304), found 500
REQUEST		request_2	1651247682162	1651247682777	OK	 
REQUEST		request_2	1651247682748	1651247683187	OK	 
REQUEST		request_2	1651247683643	1651247684196	KO	status.find.in([200, 209], 304), found 500
REQUEST		request_2	1651247683643	1651247684198	OK	 
REQUEST		request_2	1651247684183	1651247684588	OK	 
REQUEST		request_2	1651247686384	1651247686981	KO	status.find.in([200, 209], 304), found 500
REQUEST		request_2	1651247686400	1651247686981	KO	status.find.in([200, 209], 304), found 500
REQUEST		request_2	1651247686384	1651247686990	OK	 
REQUEST		request_3	1651247687752	1651247687771	OK	 
REQUEST		request_3	1651247687752	1651247687771	OK	 
USER	p1	END	1651247687805
USER	p1	END	1651247687805
REQUEST		request_3	1651247687936	1651247687956	OK	 
USER	p1	END	1651247687956
REQUEST		request_2	1651247687396	1651247688005	KO	status.find.in([200, 209], 304), found 500
REQUEST		request_2	1651247687674	1651247688005	KO	status.find.in([200, 209], 304), found 500
REQUEST		request_2	1651247687396	1651247688015	OK	 
REQUEST		request_2	1651247687920	1651247688386	OK	 
REQUEST		request_2	1651247688091	1651247688525	OK	 
REQUEST		request_3	1651247689132	1651247689143	OK	 
USER	p1	END	1651247689144
REQUEST		request_2	1651247688900	1651247689480	KO	status.find.in([200, 209], 304), found 500
REQUEST		request_2	1651247688869	1651247689490	OK	 
REQUEST		request_3	1651247690220	1651247690238	OK	 
USER	p1	END	1651247690239
REQUEST		request_3	1651247690220	1651247690246	OK	 
USER	p1	END	1651247690246
REQUEST		request_2	1651247689817	1651247690423	KO	status.find.in([200, 209], 304), found 500
REQUEST		request_2	1651247690173	1651247690423	KO	status.find.in([200, 209], 304), found 500
REQUEST		request_2	1651247689817	1651247690424	OK	 
REQUEST		request_3	1651247690637	1651247690664	OK	 
USER	p1	END	1651247690665
REQUEST		request_2	1651247690807	1651247691170	KO	status.find.in([200, 209], 304), found 500
REQUEST		request_2	1651247690592	1651247691180	OK	 
REQUEST		request_3	1651247691520	1651247691541	OK	 
USER	p1	END	1651247691542
REQUEST		request_3	1651247691520	1651247691550	OK	 
USER	p1	END	1651247691551
REQUEST		request_3	1651247692251	1651247692255	OK	 
REQUEST		request_3	1651247692251	1651247692255	OK	 
USER	p1	END	1651247692256
USER	p1	END	1651247692256
REQUEST		request_2	1651247692003	1651247692540	KO	status.find.in([200, 209], 304), found 500
REQUEST		request_2	1651247691986	1651247692545	OK	 
REQUEST		request_2	1651247692452	1651247692879	OK	 
REQUEST		request_3	1651247693041	1651247693045	OK	 
REQUEST		request_3	1651247693041	1651247693045	OK	 
USER	p1	END	1651247693045
USER	p1	END	1651247693045
REQUEST		request_3	1651247693056	1651247693060	OK	 
USER	p1	END	1651247693061
REQUEST		request_3	1651247693892	1651247693898	OK	 
USER	p1	END	1651247693899
REQUEST		request_3	1651247693908	1651247693915	OK	 
USER	p1	END	1651247693915
REQUEST		request_2	1651247693908	1651247694345	OK	 
REQUEST		request_3	1651247694760	1651247694766	OK	 
REQUEST		request_3	1651247694760	1651247694767	OK	 
REQUEST		request_3	1651247694760	1651247694767	OK	 
USER	p1	END	1651247694767
USER	p1	END	1651247694767
USER	p1	END	1651247694767
REQUEST		request_3	1651247694760	1651247694767	OK	 
USER	p1	END	1651247694768
REQUEST		request_3	1651247694776	1651247694781	OK	 
USER	p1	END	1651247694781
REQUEST		request_2	1651247694650	1651247695241	KO	status.find.in([200, 209], 304), found 500
REQUEST		request_2	1651247694650	1651247695241	KO	status.find.in([200, 209], 304), found 500
REQUEST		request_2	1651247694650	1651247695242	OK	 
REQUEST		request_3	1651247695444	1651247695449	OK	 
USER	p1	END	1651247695449
REQUEST		request_2	1651247695397	1651247695978	KO	status.find.in([200, 209], 304), found 500
REQUEST		request_2	1651247695397	1651247695986	OK	 
REQUEST		request_2	1651247695893	1651247696469	KO	status.find.in([200, 209], 304), found 500
REQUEST		request_2	1651247695877	1651247696470	OK	 
REQUEST		request_2	1651247696513	1651247697125	KO	status.find.in([200, 209], 304), found 500
REQUEST		request_2	1651247696513	1651247697125	KO	status.find.in([200, 209], 304), found 500
REQUEST		request_2	1651247696513	1651247697133	OK	 
REQUEST		request_2	1651247697210	1651247697720	OK	 
REQUEST		request_3	1651247697812	1651247697818	OK	 
REQUEST		request_3	1651247697812	1651247697819	OK	 
USER	p1	END	1651247697819
USER	p1	END	1651247697819
REQUEST		request_2	1651247698077	1651247698619	KO	status.find.in([200, 209], 304), found 500
REQUEST		request_2	1651247698062	1651247698634	OK	 
REQUEST		request_3	1651247698772	1651247698778	OK	 
REQUEST		request_3	1651247698772	1651247698779	OK	 
USER	p1	END	1651247698779
USER	p1	END	1651247698780
REQUEST		request_3	1651247698787	1651247698791	OK	 
USER	p1	END	1651247698792
REQUEST		request_3	1651247699193	1651247699198	OK	 
USER	p1	END	1651247699199
REQUEST		request_2	1651247699363	1651247699929	KO	status.find.in([200, 209], 304), found 500
REQUEST		request_2	1651247699363	1651247699929	KO	status.find.in([200, 209], 304), found 500
REQUEST		request_2	1651247699348	1651247699936	OK	 
REQUEST		request_3	1651247700200	1651247700208	OK	 
REQUEST		request_3	1651247700200	1651247700209	OK	 
USER	p1	END	1651247700209
USER	p1	END	1651247700209
REQUEST		request_3	1651247700604	1651247700607	OK	 
USER	p1	END	1651247700607
REQUEST		request_2	1651247700420	1651247700983	KO	status.find.in([200, 209], 304), found 500
REQUEST		request_2	1651247700420	1651247700984	OK	 
REQUEST		request_2	1651247702323	1651247702898	KO	status.find.in([200, 209], 304), found 500
REQUEST		request_2	1651247702307	1651247702908	OK	 
REQUEST		request_3	1651247702985	1651247702990	OK	 
REQUEST		request_3	1651247702985	1651247702990	OK	 
USER	p1	END	1651247702991
USER	p1	END	1651247702991
REQUEST		request_3	1651247703001	1651247703004	OK	 
USER	p1	END	1651247703005
REQUEST		request_2	1651247702769	1651247703186	OK	 
REQUEST		request_2	1651247703326	1651247703743	OK	 
REQUEST		request_3	1651247704006	1651247704012	OK	 
REQUEST		request_3	1651247704006	1651247704012	OK	 
USER	p1	END	1651247704013
USER	p1	END	1651247704013
REQUEST		request_3	1651247704021	1651247704025	OK	 
USER	p1	END	1651247704025
REQUEST		request_3	1651247704396	1651247704399	OK	 
USER	p1	END	1651247704399
REQUEST		request_3	1651247704537	1651247704542	OK	 
USER	p1	END	1651247704543
REQUEST		request_2	1651247704722	1651247705138	OK	 
REQUEST		request_3	1651247705494	1651247705499	OK	 
REQUEST		request_3	1651247705494	1651247705499	OK	 
USER	p1	END	1651247705500
USER	p1	END	1651247705500
REQUEST		request_3	1651247706426	1651247706431	OK	 
REQUEST		request_3	1651247706426	1651247706431	OK	 
USER	p1	END	1651247706431
USER	p1	END	1651247706431
REQUEST		request_3	1651247706426	1651247706440	OK	 
USER	p1	END	1651247706440
REQUEST		request_2	1651247706380	1651247706788	OK	 
REQUEST		request_3	1651247707183	1651247707189	OK	 
REQUEST		request_3	1651247707184	1651247707189	OK	 
USER	p1	END	1651247707189
USER	p1	END	1651247707189
REQUEST		request_2	1651247706873	1651247707286	OK	 
REQUEST		request_2	1651247707646	1651247708204	KO	status.find.in([200, 209], 304), found 500
REQUEST		request_2	1651247707893	1651247708205	KO	status.find.in([200, 209], 304), found 500
REQUEST		request_2	1651247707632	1651247708218	OK	 
REQUEST		request_3	1651247708547	1651247708552	OK	 
REQUEST		request_3	1651247708547	1651247708552	OK	 
USER	p1	END	1651247708552
USER	p1	END	1651247708552
REQUEST		request_3	1651247708886	1651247708889	OK	 
USER	p1	END	1651247708890
REQUEST		request_2	1651247708686	1651247709106	OK	 
REQUEST		request_2	1651247709197	1651247709610	OK	 
REQUEST		request_2	1651247709866	1651247710276	OK	 
REQUEST		request_3	1651247710358	1651247710363	OK	 
USER	p1	END	1651247710364
REQUEST		request_2	1651247710466	1651247711034	KO	status.find.in([200, 209], 304), found 500
REQUEST		request_2	1651247710466	1651247711039	OK	 
REQUEST		request_3	1651247711256	1651247711262	OK	 
REQUEST		request_3	1651247711256	1651247711262	OK	 
REQUEST		request_3	1651247711256	1651247711263	OK	 
USER	p1	END	1651247711263
USER	p1	END	1651247711263
USER	p1	END	1651247711263
REQUEST		request_3	1651247711988	1651247711995	OK	 
REQUEST		request_3	1651247711988	1651247711995	OK	 
USER	p1	END	1651247711995
USER	p1	END	1651247711995
REQUEST		request_2	1651247711675	1651247712263	KO	status.find.in([200, 209], 304), found 500
REQUEST		request_2	1651247711675	1651247712265	OK	 
REQUEST		request_3	1651247712484	1651247712489	OK	 
REQUEST		request_3	1651247712484	1651247712489	OK	 
USER	p1	END	1651247712489
USER	p1	END	1651247712489
REQUEST		request_3	1651247713132	1651247713138	OK	 
REQUEST		request_3	1651247713133	1651247713138	OK	 
USER	p1	END	1651247713138
USER	p1	END	1651247713138
REQUEST		request_3	1651247713148	1651247713151	OK	 
USER	p1	END	1651247713152
REQUEST		request_2	1651247712902	1651247713504	KO	status.find.in([200, 209], 304), found 500
REQUEST		request_2	1651247712886	1651247713505	OK	 
REQUEST		request_3	1651247713722	1651247713727	OK	 
USER	p1	END	1651247713728
REQUEST		request_2	1651247713474	1651247713955	OK	 
REQUEST		request_3	1651247714625	1651247714629	OK	 
USER	p1	END	1651247714630
REQUEST		request_3	1651247714640	1651247714643	OK	 
USER	p1	END	1651247714643
REQUEST		request_2	1651247714703	1651247715143	OK	 
REQUEST		request_2	1651247715291	1651247715858	KO	status.find.in([200, 209], 304), found 500
REQUEST		request_2	1651247715307	1651247715858	KO	status.find.in([200, 209], 304), found 500
REQUEST		request_2	1651247715585	1651247715859	KO	status.find.in([200, 209], 304), found 500
REQUEST		request_2	1651247715291	1651247715861	OK	 
REQUEST		request_3	1651247715944	1651247715951	OK	 
REQUEST		request_3	1651247715944	1651247715951	OK	 
REQUEST		request_3	1651247715944	1651247715951	OK	 
USER	p1	END	1651247715951
USER	p1	END	1651247715951
USER	p1	END	1651247715952
REQUEST		request_2	1651247715804	1651247716287	OK	 
REQUEST		request_3	1651247716998	1651247717004	OK	 
REQUEST		request_3	1651247716998	1651247717004	OK	 
USER	p1	END	1651247717005
USER	p1	END	1651247717005
REQUEST		request_2	1651247716828	1651247717403	KO	status.find.in([200, 209], 304), found 500
REQUEST		request_2	1651247716828	1651247717417	OK	 
REQUEST		request_2	1651247717523	1651247717924	OK	 
REQUEST		request_2	1651247718299	1651247718826	KO	status.find.in([200, 209], 304), found 500
REQUEST		request_2	1651247718283	1651247718826	KO	status.find.in([200, 209], 304), found 500
REQUEST		request_2	1651247718661	1651247718826	KO	status.find.in([200, 209], 304), found 500
REQUEST		request_2	1651247718283	1651247718834	OK	 
REQUEST		request_3	1651247718909	1651247718912	OK	 
USER	p1	END	1651247718912
REQUEST		request_3	1651247718925	1651247718928	OK	 
USER	p1	END	1651247718928
REQUEST		request_2	1651247718755	1651247719171	OK	 
REQUEST		request_3	1651247719202	1651247719205	OK	 
USER	p1	END	1651247719205
REQUEST		request_3	1651247719744	1651247719747	OK	 
USER	p1	END	1651247719748
REQUEST		request_2	1651247719296	1651247719863	KO	status.find.in([200, 209], 304), found 500
REQUEST		request_2	1651247719281	1651247719870	OK	 
REQUEST		request_3	1651247721145	1651247721148	OK	 
USER	p1	END	1651247721149
REQUEST		request_2	1651247721129	1651247721667	KO	status.find.in([200, 209], 304), found 500
REQUEST		request_2	1651247721129	1651247721673	OK	 
REQUEST		request_3	1651247722792	1651247722795	OK	 
USER	p1	END	1651247722796
REQUEST		request_2	1651247722234	1651247722909	KO	status.find.in([200, 209], 304), found 500
REQUEST		request_2	1651247722234	1651247722910	KO	status.find.in([200, 209], 304), found 500
REQUEST		request_2	1651247722234	1651247722917	OK	 
REQUEST		request_3	1651247723290	1651247723293	OK	 
USER	p1	END	1651247723293
REQUEST		request_2	1651247723867	1651247724051	KO	status.find.in([200, 209], 304), found 500
REQUEST		request_2	1651247723524	1651247724051	KO	status.find.in([200, 209], 304), found 500
REQUEST		request_2	1651247723524	1651247724052	OK	 
REQUEST		request_3	1651247724207	1651247724213	OK	 
REQUEST		request_3	1651247724207	1651247724213	OK	 
USER	p1	END	1651247724213
USER	p1	END	1651247724213
REQUEST		request_3	1651247724223	1651247724227	OK	 
USER	p1	END	1651247724227
REQUEST		request_2	1651247724365	1651247724762	KO	status.find.in([200, 209], 304), found 500
REQUEST		request_2	1651247724239	1651247724763	OK	 
REQUEST		request_3	1651247725112	1651247725117	OK	 
USER	p1	END	1651247725117
REQUEST		request_3	1651247725625	1651247725629	OK	 
USER	p1	END	1651247725630
REQUEST		request_3	1651247726279	1651247726282	OK	 
USER	p1	END	1651247726283
REQUEST		request_3	1651247727040	1651247727044	OK	 
REQUEST		request_3	1651247727040	1651247727044	OK	 
USER	p1	END	1651247727045
USER	p1	END	1651247727045
REQUEST		request_2	1651247727429	1651247727983	KO	status.find.in([200, 209], 304), found 500
REQUEST		request_2	1651247727429	1651247727985	OK	 
REQUEST		request_2	1651247727865	1651247728270	OK	 
REQUEST		request_3	1651247728268	1651247728274	OK	 
REQUEST		request_3	1651247728268	1651247728274	OK	 
USER	p1	END	1651247728275
USER	p1	END	1651247728275
REQUEST		request_2	1651247728564	1651247728948	OK	 
REQUEST		request_3	1651247729505	1651247729508	OK	 
USER	p1	END	1651247729509
REQUEST		request_3	1651247729521	1651247729525	OK	 
USER	p1	END	1651247729526
REQUEST		request_3	1651247729959	1651247729962	OK	 
USER	p1	END	1651247729963
REQUEST		request_2	1651247729819	1651247730357	KO	status.find.in([200, 209], 304), found 500
REQUEST		request_2	1651247729803	1651247730363	OK	 
REQUEST		request_3	1651247731160	1651247731164	OK	 
USER	p1	END	1651247731164
REQUEST		request_3	1651247731864	1651247731871	OK	 
REQUEST		request_3	1651247731864	1651247731871	OK	 
REQUEST		request_3	1651247731864	1651247731871	OK	 
USER	p1	END	1651247731872
USER	p1	END	1651247731872
REQUEST		request_3	1651247731864	1651247731872	OK	 
USER	p1	END	1651247731872
USER	p1	END	1651247731872
REQUEST		request_3	1651247732301	1651247732305	OK	 
USER	p1	END	1651247732305
REQUEST		request_3	1651247733404	1651247733407	OK	 
USER	p1	END	1651247733408
REQUEST		request_3	1651247733420	1651247733423	OK	 
USER	p1	END	1651247733423
REQUEST		request_3	1651247733931	1651247733934	OK	 
USER	p1	END	1651247733934
REQUEST		request_3	1651247734837	1651247734844	OK	 
REQUEST		request_3	1651247734837	1651247734844	OK	 
USER	p1	END	1651247734845
REQUEST		request_3	1651247734837	1651247734845	OK	 
USER	p1	END	1651247734845
REQUEST		request_3	1651247734837	1651247734845	OK	 
USER	p1	END	1651247734845
USER	p1	END	1651247734845
REQUEST		request_3	1651247735179	1651247735182	OK	 
USER	p1	END	1651247735182
REQUEST		request_3	1651247735879	1651247735884	OK	 
REQUEST		request_3	1651247735879	1651247735884	OK	 
USER	p1	END	1651247735884
USER	p1	END	1651247735884
REQUEST		request_3	1651247737672	1651247737674	OK	 
USER	p1	END	1651247737675
REQUEST		request_3	1651247737687	1651247737690	OK	 
USER	p1	END	1651247737690
REQUEST		request_3	1651247738915	1651247738921	OK	 
REQUEST		request_3	1651247738915	1651247738921	OK	 
USER	p1	END	1651247738922
USER	p1	END	1651247738922
REQUEST		request_3	1651247738931	1651247738935	OK	 
USER	p1	END	1651247738936
REQUEST		request_3	1651247740063	1651247740070	OK	 
REQUEST		request_3	1651247740063	1651247740070	OK	 
REQUEST		request_3	1651247740063	1651247740070	OK	 
USER	p1	END	1651247740071
USER	p1	END	1651247740071
USER	p1	END	1651247740071
REQUEST		request_3	1651247740775	1651247740780	OK	 
REQUEST		request_3	1651247740775	1651247740780	OK	 
USER	p1	END	1651247740780
USER	p1	END	1651247740780
REQUEST		request_3	1651247743990	1651247743996	OK	 
REQUEST		request_3	1651247743990	1651247743996	OK	 
USER	p1	END	1651247743997
USER	p1	END	1651247743997
REQUEST		request_3	1651247744285	1651247744289	OK	 
USER	p1	END	1651247744290
REQUEST		request_3	1651247744951	1651247744955	OK	 
USER	p1	END	1651247744956
REQUEST		request_3	1651247746358	1651247746363	OK	 
USER	p1	END	1651247746363
REQUEST		request_3	1651247746374	1651247746380	OK	 
USER	p1	END	1651247746380
