RUN	p2	p2	1651250330305	 	3.7.6
USER	p2	START	1651250331515
REQUEST		request_0	1651250331538	1651250332301	OK	 
USER	p2	START	1651250332513
REQUEST		request_0	1651250332513	1651250332961	OK	 
USER	p2	START	1651250333519
REQUEST		request_0	1651250333520	1651250333951	OK	 
USER	p2	START	1651250334509
REQUEST		request_0	1651250334510	1651250334952	OK	 
USER	p2	START	1651250335518
REQUEST		request_0	1651250335518	1651250335922	OK	 
USER	p2	START	1651250337500
REQUEST		request_0	1651250337500	1651250337950	OK	 
USER	p2	START	1651250338511
REQUEST		request_0	1651250338511	1651250338922	OK	 
USER	p2	START	1651250339500
REQUEST		request_0	1651250339501	1651250339911	OK	 
USER	p2	START	1651250340511
REQUEST		request_0	1651250340511	1651250340959	OK	 
USER	p2	START	1651250341506
REQUEST		request_0	1651250341507	1651250341940	OK	 
USER	p2	START	1651250343527
REQUEST		request_0	1651250343527	1651250344006	OK	 
USER	p2	START	1651250344516
REQUEST		request_0	1651250344516	1651250344948	OK	 
USER	p2	START	1651250345508
REQUEST		request_0	1651250345509	1651250345921	OK	 
USER	p2	START	1651250346504
REQUEST		request_0	1651250346504	1651250346910	OK	 
USER	p2	START	1651250347514
REQUEST		request_0	1651250347514	1651250347965	OK	 
USER	p2	START	1651250349510
REQUEST		request_0	1651250349511	1651250349922	OK	 
USER	p2	START	1651250350517
REQUEST		request_0	1651250350517	1651250350918	OK	 
USER	p2	START	1651250351505
REQUEST		request_0	1651250351506	1651250351925	OK	 
USER	p2	START	1651250352514
REQUEST		request_0	1651250352514	1651250352935	OK	 
USER	p2	START	1651250353509
REQUEST		request_0	1651250353509	1651250353925	OK	 
USER	p2	START	1651250355507
REQUEST		request_0	1651250355508	1651250355922	OK	 
REQUEST		request_1	1651250356335	1651250356339	OK	 
USER	p2	START	1651250356502
REQUEST		request_1	1651250356977	1651250356980	OK	 
REQUEST		request_0	1651250356502	1651250356994	KO	status.find.in([200, 209], 304), found 500
REQUEST		request_3	1651250356352	1651250356994	OK	 
REQUEST		request_2	1651250356350	1651250357002	OK	 
USER	p2	START	1651250357500
REQUEST		request_3	1651250356981	1651250357629	OK	 
REQUEST		request_2	1651250356981	1651250357644	OK	 
REQUEST		request_0	1651250357501	1651250357919	OK	 
REQUEST		request_1	1651250357966	1651250357969	OK	 
USER	p2	START	1651250358509
REQUEST		request_3	1651250357971	1651250358619	OK	 
REQUEST		request_2	1651250357971	1651250358631	OK	 
REQUEST		request_0	1651250358509	1651250358921	OK	 
REQUEST		request_1	1651250358962	1651250358966	OK	 
USER	p2	START	1651250359503
REQUEST		request_2	1651250358967	1651250359615	OK	 
REQUEST		request_3	1651250358967	1651250359617	OK	 
REQUEST		request_1	1651250359936	1651250359940	OK	 
REQUEST		request_0	1651250359503	1651250359949	OK	 
REQUEST		request_3	1651250359942	1651250360573	OK	 
REQUEST		request_2	1651250359941	1651250360588	OK	 
USER	p2	START	1651250361500
REQUEST		request_0	1651250361500	1651250361934	OK	 
REQUEST		request_1	1651250361964	1651250361968	OK	 
USER	p2	START	1651250362509
REQUEST		request_3	1651250361970	1651250362612	OK	 
REQUEST		request_2	1651250361969	1651250362622	OK	 
REQUEST		request_0	1651250362510	1651250362929	OK	 
REQUEST		request_1	1651250362928	1651250362931	OK	 
USER	p2	START	1651250363501
REQUEST		request_3	1651250362932	1651250363542	OK	 
REQUEST		request_2	1651250362932	1651250363551	OK	 
REQUEST		request_0	1651250363501	1651250363917	OK	 
REQUEST		request_1	1651250363915	1651250363918	OK	 
USER	p2	START	1651250364507
REQUEST		request_3	1651250363919	1651250364567	OK	 
REQUEST		request_2	1651250363919	1651250364571	OK	 
REQUEST		request_0	1651250364507	1651250364910	OK	 
REQUEST		request_1	1651250364971	1651250364974	OK	 
USER	p2	START	1651250365513
REQUEST		request_3	1651250364976	1651250365591	OK	 
REQUEST		request_2	1651250364975	1651250365607	OK	 
REQUEST		request_0	1651250365513	1651250365932	OK	 
REQUEST		request_1	1651250365947	1651250365952	OK	 
REQUEST		request_2	1651250365953	1651250366589	OK	 
REQUEST		request_3	1651250365954	1651250366595	OK	 
USER	p2	START	1651250367512
REQUEST		request_0	1651250367512	1651250367942	OK	 
REQUEST		request_1	1651250368017	1651250368022	OK	 
USER	p2	START	1651250368513
REQUEST		request_2	1651250368023	1651250368572	OK	 
REQUEST		request_3	1651250368024	1651250368573	OK	 
REQUEST		request_4	1651250368017	1651250368575	OK	 
USER	p2	END	1651250368577
REQUEST		request_0	1651250368514	1651250368925	OK	 
REQUEST		request_1	1651250368960	1651250368963	OK	 
REQUEST		request_4	1651250368652	1651250369098	OK	 
USER	p2	END	1651250369099
USER	p2	START	1651250369499
REQUEST		request_2	1651250368965	1651250369572	OK	 
REQUEST		request_3	1651250368966	1651250369578	OK	 
REQUEST		request_1	1651250369929	1651250369932	OK	 
REQUEST		request_0	1651250369499	1651250369943	OK	 
REQUEST		request_4	1651250369637	1651250370052	OK	 
USER	p2	END	1651250370052
USER	p2	START	1651250370503
REQUEST		request_3	1651250369933	1651250370567	OK	 
REQUEST		request_2	1651250369933	1651250370570	OK	 
REQUEST		request_0	1651250370503	1651250370922	OK	 
REQUEST		request_1	1651250370920	1651250370924	OK	 
REQUEST		request_4	1651250370626	1651250371055	OK	 
USER	p2	END	1651250371056
USER	p2	START	1651250371506
REQUEST		request_3	1651250370925	1651250371588	OK	 
REQUEST		request_2	1651250370925	1651250371591	OK	 
REQUEST		request_0	1651250371506	1651250371969	OK	 
REQUEST		request_1	1651250371967	1651250371970	OK	 
REQUEST		request_2	1651250371971	1651250372274	OK	 
REQUEST		request_3	1651250371971	1651250372275	OK	 
REQUEST		request_4	1651250371598	1651250372277	OK	 
USER	p2	END	1651250372277
USER	p2	START	1651250373524
REQUEST		request_1	1651250373925	1651250373929	OK	 
REQUEST		request_4	1651250373633	1651250374145	KO	status.find.in([200, 209], 304), found 500
USER	p2	END	1651250374145
REQUEST		request_0	1651250373525	1651250374148	OK	 
USER	p2	START	1651250374510
REQUEST		request_3	1651250373931	1651250374597	OK	 
REQUEST		request_2	1651250373930	1651250374605	OK	 
REQUEST		request_1	1651250374925	1651250374929	OK	 
REQUEST		request_4	1651250374556	1651250375120	KO	status.find.in([200, 209], 304), found 500
USER	p2	END	1651250375120
REQUEST		request_0	1651250374510	1651250375127	OK	 
USER	p2	START	1651250375516
REQUEST		request_3	1651250374930	1651250375553	OK	 
REQUEST		request_2	1651250374930	1651250375557	OK	 
REQUEST		request_1	1651250375934	1651250375938	OK	 
REQUEST		request_4	1651250375576	1651250376166	OK	 
USER	p2	END	1651250376167
REQUEST		request_0	1651250375517	1651250376167	OK	 
USER	p2	START	1651250376507
REQUEST		request_2	1651250375939	1651250376578	OK	 
REQUEST		request_3	1651250375939	1651250376584	OK	 
REQUEST		request_0	1651250376507	1651250376927	OK	 
REQUEST		request_1	1651250376940	1651250376942	OK	 
REQUEST		request_2	1651250376943	1651250377188	OK	 
REQUEST		request_3	1651250376943	1651250377188	OK	 
REQUEST		request_4	1651250376615	1651250377191	OK	 
USER	p2	END	1651250377192
USER	p2	START	1651250377500
REQUEST		request_1	1651250377928	1651250377931	OK	 
REQUEST		request_4	1651250377608	1651250378052	KO	status.find.in([200, 209], 304), found 500
USER	p2	END	1651250378053
REQUEST		request_0	1651250377500	1651250378058	OK	 
REQUEST		request_3	1651250377932	1651250378669	OK	 
REQUEST		request_2	1651250377932	1651250378672	OK	 
USER	p2	START	1651250379503
REQUEST		request_1	1651250379938	1651250379940	OK	 
REQUEST		request_4	1651250379583	1651250380079	KO	status.find.in([200, 209], 304), found 500
USER	p2	END	1651250380080
REQUEST		request_0	1651250379503	1651250380084	OK	 
USER	p2	START	1651250380500
REQUEST		request_2	1651250379941	1651250380566	OK	 
REQUEST		request_3	1651250379941	1651250380569	OK	 
REQUEST		request_0	1651250380500	1651250380915	OK	 
REQUEST		request_4	1651250380592	1651250381013	OK	 
USER	p2	END	1651250381014
REQUEST		request_1	1651250381011	1651250381014	OK	 
USER	p2	START	1651250381506
REQUEST		request_3	1651250381015	1651250381636	OK	 
REQUEST		request_2	1651250381014	1651250381647	OK	 
REQUEST		request_1	1651250381923	1651250381926	OK	 
REQUEST		request_4	1651250381582	1651250382061	KO	status.find.in([200, 209], 304), found 500
USER	p2	END	1651250382061
REQUEST		request_0	1651250381506	1651250382062	OK	 
USER	p2	START	1651250382501
REQUEST		request_3	1651250381927	1651250382511	OK	 
REQUEST		request_2	1651250381927	1651250382514	OK	 
REQUEST		request_0	1651250382501	1651250382921	OK	 
REQUEST		request_1	1651250382930	1651250382932	OK	 
REQUEST		request_4	1651250382607	1651250383036	OK	 
USER	p2	END	1651250383036
USER	p2	START	1651250383500
REQUEST		request_3	1651250382933	1651250383553	OK	 
REQUEST		request_2	1651250382933	1651250383563	OK	 
REQUEST		request_4	1651250383283	1651250383689	OK	 
USER	p2	END	1651250383689
REQUEST		request_0	1651250383500	1651250383924	OK	 
REQUEST		request_1	1651250383955	1651250383957	OK	 
REQUEST		request_2	1651250383958	1651250384567	OK	 
REQUEST		request_3	1651250383958	1651250384578	OK	 
USER	p2	START	1651250385508
REQUEST		request_1	1651250385946	1651250385948	OK	 
REQUEST		request_4	1651250385618	1651250386154	KO	status.find.in([200, 209], 304), found 500
USER	p2	END	1651250386154
REQUEST		request_0	1651250385508	1651250386160	OK	 
USER	p2	START	1651250386522
REQUEST		request_0	1651250386522	1651250386814	KO	status.find.in([200, 209], 304), found 500
REQUEST		request_4	1651250386568	1651250386815	KO	status.find.in([200, 209], 304), found 500
REQUEST		request_2	1651250385948	1651250386815	OK	 
USER	p2	END	1651250386815
REQUEST		request_3	1651250385949	1651250386819	OK	 
REQUEST		request_1	1651250386940	1651250386942	OK	 
USER	p2	START	1651250387504
REQUEST		request_2	1651250386943	1651250387555	OK	 
REQUEST		request_3	1651250386943	1651250387567	OK	 
REQUEST		request_1	1651250387919	1651250387921	OK	 
REQUEST		request_0	1651250387505	1651250387950	OK	 
REQUEST		request_4	1651250387595	1651250388060	OK	 
USER	p2	END	1651250388060
USER	p2	START	1651250388508
REQUEST		request_2	1651250387922	1651250388568	OK	 
REQUEST		request_3	1651250387922	1651250388572	OK	 
REQUEST		request_4	1651250388198	1651250388647	OK	 
USER	p2	END	1651250388648
REQUEST		request_1	1651250388911	1651250388914	OK	 
REQUEST		request_0	1651250388508	1651250388925	OK	 
USER	p2	START	1651250389516
REQUEST		request_2	1651250388914	1651250389536	OK	 
REQUEST		request_3	1651250388914	1651250389541	OK	 
REQUEST		request_0	1651250389516	1651250389919	OK	 
REQUEST		request_1	1651250389948	1651250389950	OK	 
REQUEST		request_4	1651250389687	1651250390118	OK	 
USER	p2	END	1651250390119
REQUEST		request_3	1651250389952	1651250390546	OK	 
REQUEST		request_2	1651250389951	1651250390549	OK	 
REQUEST		request_1	1651250391955	1651250391957	OK	 
REQUEST		request_4	1651250391580	1651250391997	OK	 
USER	p2	END	1651250391998
REQUEST		request_2	1651250391958	1651250392596	OK	 
REQUEST		request_3	1651250391958	1651250392609	OK	 
REQUEST		request_1	1651250392932	1651250392935	OK	 
REQUEST		request_3	1651250392935	1651250393209	OK	 
REQUEST		request_2	1651250392935	1651250393209	OK	 
REQUEST		request_4	1651250392653	1651250393225	OK	 
USER	p2	END	1651250393226
REQUEST		request_1	1651250393953	1651250393956	OK	 
REQUEST		request_4	1651250393521	1651250393968	OK	 
USER	p2	END	1651250393969
REQUEST		request_2	1651250393957	1651250394593	OK	 
REQUEST		request_3	1651250393957	1651250394602	OK	 
REQUEST		request_1	1651250394925	1651250394928	OK	 
REQUEST		request_4	1651250394570	1651250394987	OK	 
USER	p2	END	1651250394987
REQUEST		request_3	1651250394929	1651250395533	OK	 
REQUEST		request_2	1651250394929	1651250395540	OK	 
REQUEST		request_1	1651250395986	1651250395988	OK	 
REQUEST		request_4	1651250395583	1651250396015	OK	 
USER	p2	END	1651250396015
REQUEST		request_3	1651250395990	1651250396618	OK	 
REQUEST		request_2	1651250395989	1651250396621	OK	 
REQUEST		request_1	1651250398161	1651250398165	OK	 
REQUEST		request_3	1651250398166	1651250398424	OK	 
REQUEST		request_2	1651250398165	1651250398424	OK	 
REQUEST		request_4	1651250397833	1651250398440	OK	 
USER	p2	END	1651250398440
REQUEST		request_4	1651250398580	1651250399017	OK	 
USER	p2	END	1651250399017
REQUEST		request_1	1651250399141	1651250399146	OK	 
REQUEST		request_4	1651250399580	1651250399793	KO	status.find.in([200, 209], 304), found 500
REQUEST		request_3	1651250399149	1651250399794	OK	 
USER	p2	END	1651250399794
REQUEST		request_2	1651250399148	1651250399800	OK	 
REQUEST		request_1	1651250400169	1651250400172	OK	 
REQUEST		request_4	1651250400555	1651250400840	KO	status.find.in([200, 209], 304), found 500
REQUEST		request_2	1651250400172	1651250400840	OK	 
USER	p2	END	1651250400841
REQUEST		request_3	1651250400173	1651250400847	OK	 
REQUEST		request_1	1651250400929	1651250400932	OK	 
REQUEST		request_2	1651250400933	1651250401536	OK	 
REQUEST		request_3	1651250400933	1651250401555	OK	 
REQUEST		request_4	1651250401552	1651250401985	OK	 
USER	p2	END	1651250401986
REQUEST		request_1	1651250402066	1651250402069	OK	 
REQUEST		request_2	1651250402070	1651250402687	OK	 
REQUEST		request_3	1651250402070	1651250402699	OK	 
REQUEST		request_4	1651250403625	1651250404049	OK	 
USER	p2	END	1651250404049
REQUEST		request_1	1651250404095	1651250404097	OK	 
REQUEST		request_4	1651250404220	1651250404797	KO	status.find.in([200, 209], 304), found 500
REQUEST		request_3	1651250404098	1651250404797	OK	 
USER	p2	END	1651250404798
REQUEST		request_2	1651250404097	1651250404801	OK	 
REQUEST		request_1	1651250404930	1651250404933	OK	 
REQUEST		request_2	1651250404934	1651250405566	OK	 
REQUEST		request_3	1651250404935	1651250405569	OK	 
REQUEST		request_4	1651250405611	1651250406041	OK	 
USER	p2	END	1651250406041
REQUEST		request_1	1651250406076	1651250406079	OK	 
REQUEST		request_1	1651250406924	1651250406926	OK	 
REQUEST		request_1	1651250407936	1651250407939	OK	 
REQUEST		request_1	1651250410173	1651250410175	OK	 
REQUEST		request_1	1651250410824	1651250410830	OK	 
REQUEST		request_4	1651250406554	1651250411728	KO	status.find.in([200, 209], 304), found 500
REQUEST		request_4	1651250407638	1651250411729	KO	status.find.in([200, 209], 304), found 500
REQUEST		request_4	1651250409439	1651250411729	KO	status.find.in([200, 209], 304), found 500
USER	p2	END	1651250411729
USER	p2	END	1651250411729
USER	p2	END	1651250411729
REQUEST		request_4	1651250410808	1651250411729	KO	status.find.in([200, 209], 304), found 500
REQUEST		request_3	1651250406080	1651250411729	OK	 
REQUEST		request_2	1651250406927	1651250411730	OK	 
USER	p2	END	1651250411730
REQUEST		request_3	1651250406927	1651250411730	OK	 
REQUEST		request_3	1651250407940	1651250411730	OK	 
REQUEST		request_2	1651250407940	1651250411730	OK	 
REQUEST		request_3	1651250410177	1651250411730	OK	 
REQUEST		request_2	1651250410176	1651250411731	OK	 
REQUEST		request_2	1651250410831	1651250411731	OK	 
REQUEST		request_3	1651250410831	1651250411731	OK	 
REQUEST		request_2	1651250406080	1651250411734	OK	 
REQUEST		request_1	1651250411955	1651250411957	OK	 
REQUEST		request_3	1651250411958	1651250412450	OK	 
REQUEST		request_2	1651250411957	1651250412451	OK	 
REQUEST		request_4	1651250411861	1651250412452	OK	 
USER	p2	END	1651250412452
REQUEST		request_1	1651250412940	1651250412943	OK	 
REQUEST		request_4	1651250412569	1651250412985	OK	 
USER	p2	END	1651250412986
REQUEST		request_2	1651250412943	1651250413547	OK	 
REQUEST		request_3	1651250412944	1651250413550	OK	 
REQUEST		request_1	1651250413927	1651250413930	OK	 
REQUEST		request_3	1651250413931	1651250414256	OK	 
REQUEST		request_2	1651250413931	1651250414256	OK	 
REQUEST		request_4	1651250413712	1651250414264	OK	 
USER	p2	END	1651250414265
REQUEST		request_4	1651250415814	1651250416262	OK	 
USER	p2	END	1651250416263
REQUEST		request_4	1651250416583	1651250416998	OK	 
USER	p2	END	1651250416998
REQUEST		request_4	1651250422745	1651250423333	KO	status.find.in([200, 209], 304), found 500
REQUEST		request_4	1651250422745	1651250423333	KO	status.find.in([200, 209], 304), found 500
REQUEST		request_4	1651250422745	1651250423333	KO	status.find.in([200, 209], 304), found 500
REQUEST		request_4	1651250422745	1651250423334	KO	status.find.in([200, 209], 304), found 500
USER	p2	END	1651250423334
USER	p2	END	1651250423334
USER	p2	END	1651250423334
USER	p2	END	1651250423334
REQUEST		request_4	1651250422745	1651250423346	OK	 
USER	p2	END	1651250423347
REQUEST		request_4	1651250423455	1651250423860	OK	 
USER	p2	END	1651250423861
REQUEST		request_4	1651250424556	1651250424976	OK	 
USER	p2	END	1651250424976
REQUEST		request_4	1651250425269	1651250425707	OK	 
USER	p2	END	1651250425707
